<?xml version="1.0" encoding="UTF-8"?>
<robot generator="Robot 6.0.1 (Python 3.8.10 on linux)" generated="20221209 08:04:54.141" rpa="false" schemaversion="3">
<suite id="s1" name="Login" source="/home/lucas/studies/robot-framework-class/SmartBit/web/tests/login.robot">
<test id="s1-t1" name="Login do administrador" line="9">
<kw name="Go To Login Page" library="login">
<kw name="New Browser" library="Browser">
<arg>headless=true</arg>
<arg>browser=Chromium</arg>
<tag>BrowserControl</tag>
<tag>Setter</tag>
<doc>Create a new playwright Browser with specified options.</doc>
<msg timestamp="20221209 08:04:54.600" level="INFO">{"browser": "chromium", "headless": true, "devtools": false, "handleSIGHUP": true, "handleSIGINT": true, "handleSIGTERM": true, "slowMo": 0.0, "timeout": 30000.0, "deprecated_pos_args": [], "tracesDir": "/home/lucas/studies/robot-framework-class/SmartBit/web/logs/browser/traces/66ac6804-68ff-41e1-8d85-e5d9d78c24b0"}</msg>
<msg timestamp="20221209 08:04:54.740" level="INFO">Successfully created browser with options: {"browser":"chromium","headless":true,"devtools":false,"handleSIGHUP":true,"handleSIGINT":true,"handleSIGTERM":true,"slowMo":0,"timeout":30000,"deprecated_pos_args":[],"tracesDir":"/home/lucas/studies/robot-framework-class/SmartBit/web/logs/browser/traces/66ac6804-68ff-41e1-8d85-e5d9d78c24b0"}</msg>
<status status="PASS" starttime="20221209 08:04:54.599" endtime="20221209 08:04:54.740"/>
</kw>
<kw name="New Page" library="Browser">
<arg>http://localhost:3000</arg>
<tag>BrowserControl</tag>
<tag>Setter</tag>
<doc>Open a new Page.</doc>
<msg timestamp="20221209 08:04:55.109" level="INFO">Successfully initialized new page object and opened url: http://localhost:3000</msg>
<msg timestamp="20221209 08:04:55.109" level="INFO">No context was open. New context was automatically opened when this page is created.</msg>
<status status="PASS" starttime="20221209 08:04:54.741" endtime="20221209 08:04:55.110"/>
</kw>
<status status="PASS" starttime="20221209 08:04:54.599" endtime="20221209 08:04:55.111"/>
</kw>
<kw name="Fill Credenciais" library="login">
<arg>admin@smartbit.com</arg>
<arg>qacademy</arg>
<kw name="Fill Text" library="Browser">
<arg>css=input[placeholder="Seu e-mail"]</arg>
<arg>${email}</arg>
<tag>PageContent</tag>
<tag>Setter</tag>
<doc>Clears and fills the given ``txt`` into the text field found by ``selector``.</doc>
<msg timestamp="20221209 08:04:55.116" level="INFO">Fills the text 'admin@smartbit.com' in the given field.</msg>
<status status="PASS" starttime="20221209 08:04:55.115" endtime="20221209 08:04:55.174"/>
</kw>
<kw name="Fill Text" library="Browser">
<arg>css=input[placeholder="Sua Senha"]</arg>
<arg>${pass}</arg>
<tag>PageContent</tag>
<tag>Setter</tag>
<doc>Clears and fills the given ``txt`` into the text field found by ``selector``.</doc>
<msg timestamp="20221209 08:04:55.175" level="INFO">Fills the text 'qacademy' in the given field.</msg>
<status status="PASS" starttime="20221209 08:04:55.175" endtime="20221209 08:04:55.187"/>
</kw>
<status status="PASS" starttime="20221209 08:04:55.113" endtime="20221209 08:04:55.187"/>
</kw>
<kw name="Submit Credenciais" library="login">
<kw name="Click" library="Browser">
<arg>css=button &gt;&gt; text=Entrar no sistema</arg>
<tag>PageContent</tag>
<tag>Setter</tag>
<doc>Simulates mouse click on the element found by ``selector``.</doc>
<status status="PASS" starttime="20221209 08:04:55.188" endtime="20221209 08:04:55.241"/>
</kw>
<status status="PASS" starttime="20221209 08:04:55.187" endtime="20221209 08:04:55.241"/>
</kw>
<kw name="User Should Be Logged In" library="navbar">
<arg>Admin</arg>
<kw name="Set Variable" library="BuiltIn">
<var>${logged_user}</var>
<arg>css=aside strong</arg>
<doc>Returns the given values which can then be assigned to a variables.</doc>
<msg timestamp="20221209 08:04:55.242" level="INFO">${logged_user} = css=aside strong</msg>
<status status="PASS" starttime="20221209 08:04:55.242" endtime="20221209 08:04:55.242"/>
</kw>
<kw name="Wait For Elements State" library="Browser">
<arg>${logged_user}</arg>
<arg>visible</arg>
<arg>5</arg>
<tag>PageContent</tag>
<tag>Wait</tag>
<doc>Waits for the element found by ``selector`` to satisfy state option.</doc>
<msg timestamp="20221209 08:04:55.557" level="INFO">Waited for Element with selector css=aside strong at state visible</msg>
<status status="PASS" starttime="20221209 08:04:55.243" endtime="20221209 08:04:55.557"/>
</kw>
<kw name="Get Text" library="Browser">
<arg>${logged_user}</arg>
<arg>equal</arg>
<arg>${user_name}</arg>
<tag>Assertion</tag>
<tag>Getter</tag>
<tag>PageContent</tag>
<doc>Returns text attribute of the element found by ``selector``.</doc>
<status status="PASS" starttime="20221209 08:04:55.558" endtime="20221209 08:04:55.574"/>
</kw>
<status status="PASS" starttime="20221209 08:04:55.242" endtime="20221209 08:04:55.575"/>
</kw>
<status status="PASS" starttime="20221209 08:04:54.596" endtime="20221209 08:04:55.575"/>
</test>
<test id="s1-t2" name="Email não cadastrado" line="23">
<kw name="Go To Login Page" library="login">
<kw name="New Browser" library="Browser">
<arg>headless=true</arg>
<arg>browser=Chromium</arg>
<tag>BrowserControl</tag>
<tag>Setter</tag>
<doc>Create a new playwright Browser with specified options.</doc>
<msg timestamp="20221209 08:04:55.614" level="INFO">{"browser": "chromium", "headless": true, "devtools": false, "handleSIGHUP": true, "handleSIGINT": true, "handleSIGTERM": true, "slowMo": 0.0, "timeout": 30000.0, "deprecated_pos_args": [], "tracesDir": "/home/lucas/studies/robot-framework-class/SmartBit/web/logs/browser/traces/73578842-3672-48a3-ae1a-d4c7b2ae9912"}</msg>
<msg timestamp="20221209 08:04:55.751" level="INFO">Successfully created browser with options: {"browser":"chromium","headless":true,"devtools":false,"handleSIGHUP":true,"handleSIGINT":true,"handleSIGTERM":true,"slowMo":0,"timeout":30000,"deprecated_pos_args":[],"tracesDir":"/home/lucas/studies/robot-framework-class/SmartBit/web/logs/browser/traces/73578842-3672-48a3-ae1a-d4c7b2ae9912"}</msg>
<status status="PASS" starttime="20221209 08:04:55.613" endtime="20221209 08:04:55.751"/>
</kw>
<kw name="New Page" library="Browser">
<arg>http://localhost:3000</arg>
<tag>BrowserControl</tag>
<tag>Setter</tag>
<doc>Open a new Page.</doc>
<msg timestamp="20221209 08:04:56.047" level="INFO">Successfully initialized new page object and opened url: http://localhost:3000</msg>
<msg timestamp="20221209 08:04:56.047" level="INFO">No context was open. New context was automatically opened when this page is created.</msg>
<status status="PASS" starttime="20221209 08:04:55.751" endtime="20221209 08:04:56.048"/>
</kw>
<status status="PASS" starttime="20221209 08:04:55.613" endtime="20221209 08:04:56.049"/>
</kw>
<kw name="Fill Credenciais" library="login">
<arg>404@smartbit.com</arg>
<arg>qacademy</arg>
<kw name="Fill Text" library="Browser">
<arg>css=input[placeholder="Seu e-mail"]</arg>
<arg>${email}</arg>
<tag>PageContent</tag>
<tag>Setter</tag>
<doc>Clears and fills the given ``txt`` into the text field found by ``selector``.</doc>
<msg timestamp="20221209 08:04:56.053" level="INFO">Fills the text '404@smartbit.com' in the given field.</msg>
<status status="PASS" starttime="20221209 08:04:56.052" endtime="20221209 08:04:56.111"/>
</kw>
<kw name="Fill Text" library="Browser">
<arg>css=input[placeholder="Sua Senha"]</arg>
<arg>${pass}</arg>
<tag>PageContent</tag>
<tag>Setter</tag>
<doc>Clears and fills the given ``txt`` into the text field found by ``selector``.</doc>
<msg timestamp="20221209 08:04:56.111" level="INFO">Fills the text 'qacademy' in the given field.</msg>
<status status="PASS" starttime="20221209 08:04:56.111" endtime="20221209 08:04:56.122"/>
</kw>
<status status="PASS" starttime="20221209 08:04:56.050" endtime="20221209 08:04:56.122"/>
</kw>
<kw name="Submit Credenciais" library="login">
<kw name="Click" library="Browser">
<arg>css=button &gt;&gt; text=Entrar no sistema</arg>
<tag>PageContent</tag>
<tag>Setter</tag>
<doc>Simulates mouse click on the element found by ``selector``.</doc>
<status status="PASS" starttime="20221209 08:04:56.122" endtime="20221209 08:04:56.173"/>
</kw>
<status status="PASS" starttime="20221209 08:04:56.122" endtime="20221209 08:04:56.173"/>
</kw>
<kw name="Click" library="Browser">
<arg>css=button &gt;&gt; text=Entrar no sistema</arg>
<tag>PageContent</tag>
<tag>Setter</tag>
<doc>Simulates mouse click on the element found by ``selector``.</doc>
<status status="PASS" starttime="20221209 08:04:56.173" endtime="20221209 08:04:56.250"/>
</kw>
<kw name="Verify Toaster" library="toast">
<arg>Suas credenciais são inválidas, por favor tente novamente!</arg>
<kw name="Wait For Elements State" library="Browser">
<arg>css=.Toastify__toast-body div &gt;&gt; text=${expected_nessage}</arg>
<arg>visible</arg>
<arg>5</arg>
<tag>PageContent</tag>
<tag>Wait</tag>
<doc>Waits for the element found by ``selector`` to satisfy state option.</doc>
<msg timestamp="20221209 08:04:56.258" level="INFO">Waited for Element with selector css=.Toastify__toast-body div &gt;&gt; text=Suas credenciais são inválidas, por favor tente novamente! at state visible</msg>
<status status="PASS" starttime="20221209 08:04:56.251" endtime="20221209 08:04:56.258"/>
</kw>
<kw name="Wait For Elements State" library="Browser">
<arg>css=.Toastify__toast-body div</arg>
<arg>detached</arg>
<arg>10</arg>
<tag>PageContent</tag>
<tag>Wait</tag>
<doc>Waits for the element found by ``selector`` to satisfy state option.</doc>
<msg timestamp="20221209 08:05:03.087" level="INFO">Waited for Element with selector css=.Toastify__toast-body div at state detached</msg>
<status status="PASS" starttime="20221209 08:04:56.258" endtime="20221209 08:05:03.087"/>
</kw>
<status status="PASS" starttime="20221209 08:04:56.250" endtime="20221209 08:05:03.088"/>
</kw>
<status status="PASS" starttime="20221209 08:04:55.611" endtime="20221209 08:05:03.088"/>
</test>
<test id="s1-t3" name="Senha inválida" line="30">
<kw name="Go To Login Page" library="login">
<kw name="New Browser" library="Browser">
<arg>headless=true</arg>
<arg>browser=Chromium</arg>
<tag>BrowserControl</tag>
<tag>Setter</tag>
<doc>Create a new playwright Browser with specified options.</doc>
<msg timestamp="20221209 08:05:03.110" level="INFO">{"browser": "chromium", "headless": true, "devtools": false, "handleSIGHUP": true, "handleSIGINT": true, "handleSIGTERM": true, "slowMo": 0.0, "timeout": 30000.0, "deprecated_pos_args": [], "tracesDir": "/home/lucas/studies/robot-framework-class/SmartBit/web/logs/browser/traces/e2129d90-7e4d-4146-9bbb-7d8c5e68d386"}</msg>
<msg timestamp="20221209 08:05:03.239" level="INFO">Successfully created browser with options: {"browser":"chromium","headless":true,"devtools":false,"handleSIGHUP":true,"handleSIGINT":true,"handleSIGTERM":true,"slowMo":0,"timeout":30000,"deprecated_pos_args":[],"tracesDir":"/home/lucas/studies/robot-framework-class/SmartBit/web/logs/browser/traces/e2129d90-7e4d-4146-9bbb-7d8c5e68d386"}</msg>
<status status="PASS" starttime="20221209 08:05:03.110" endtime="20221209 08:05:03.239"/>
</kw>
<kw name="New Page" library="Browser">
<arg>http://localhost:3000</arg>
<tag>BrowserControl</tag>
<tag>Setter</tag>
<doc>Open a new Page.</doc>
<msg timestamp="20221209 08:05:03.529" level="INFO">Successfully initialized new page object and opened url: http://localhost:3000</msg>
<msg timestamp="20221209 08:05:03.529" level="INFO">No context was open. New context was automatically opened when this page is created.</msg>
<status status="PASS" starttime="20221209 08:05:03.239" endtime="20221209 08:05:03.529"/>
</kw>
<status status="PASS" starttime="20221209 08:05:03.109" endtime="20221209 08:05:03.530"/>
</kw>
<kw name="Fill Credenciais" library="login">
<arg>admin@smartbit.com</arg>
<arg>abc123</arg>
<kw name="Fill Text" library="Browser">
<arg>css=input[placeholder="Seu e-mail"]</arg>
<arg>${email}</arg>
<tag>PageContent</tag>
<tag>Setter</tag>
<doc>Clears and fills the given ``txt`` into the text field found by ``selector``.</doc>
<msg timestamp="20221209 08:05:03.532" level="INFO">Fills the text 'admin@smartbit.com' in the given field.</msg>
<status status="PASS" starttime="20221209 08:05:03.531" endtime="20221209 08:05:03.602"/>
</kw>
<kw name="Fill Text" library="Browser">
<arg>css=input[placeholder="Sua Senha"]</arg>
<arg>${pass}</arg>
<tag>PageContent</tag>
<tag>Setter</tag>
<doc>Clears and fills the given ``txt`` into the text field found by ``selector``.</doc>
<msg timestamp="20221209 08:05:03.602" level="INFO">Fills the text 'abc123' in the given field.</msg>
<status status="PASS" starttime="20221209 08:05:03.602" endtime="20221209 08:05:03.611"/>
</kw>
<status status="PASS" starttime="20221209 08:05:03.530" endtime="20221209 08:05:03.611"/>
</kw>
<kw name="Submit Credenciais" library="login">
<kw name="Click" library="Browser">
<arg>css=button &gt;&gt; text=Entrar no sistema</arg>
<tag>PageContent</tag>
<tag>Setter</tag>
<doc>Simulates mouse click on the element found by ``selector``.</doc>
<status status="PASS" starttime="20221209 08:05:03.612" endtime="20221209 08:05:03.676"/>
</kw>
<status status="PASS" starttime="20221209 08:05:03.612" endtime="20221209 08:05:03.676"/>
</kw>
<kw name="Verify Toaster" library="toast">
<arg>Suas credenciais são inválidas, por favor tente novamente!</arg>
<kw name="Wait For Elements State" library="Browser">
<arg>css=.Toastify__toast-body div &gt;&gt; text=${expected_nessage}</arg>
<arg>visible</arg>
<arg>5</arg>
<tag>PageContent</tag>
<tag>Wait</tag>
<doc>Waits for the element found by ``selector`` to satisfy state option.</doc>
<msg timestamp="20221209 08:05:03.722" level="INFO">Waited for Element with selector css=.Toastify__toast-body div &gt;&gt; text=Suas credenciais são inválidas, por favor tente novamente! at state visible</msg>
<status status="PASS" starttime="20221209 08:05:03.677" endtime="20221209 08:05:03.722"/>
</kw>
<kw name="Wait For Elements State" library="Browser">
<arg>css=.Toastify__toast-body div</arg>
<arg>detached</arg>
<arg>10</arg>
<tag>PageContent</tag>
<tag>Wait</tag>
<doc>Waits for the element found by ``selector`` to satisfy state option.</doc>
<msg timestamp="20221209 08:05:10.506" level="INFO">Waited for Element with selector css=.Toastify__toast-body div at state detached</msg>
<status status="PASS" starttime="20221209 08:05:03.723" endtime="20221209 08:05:10.506"/>
</kw>
<status status="PASS" starttime="20221209 08:05:03.676" endtime="20221209 08:05:10.506"/>
</kw>
<status status="PASS" starttime="20221209 08:05:03.108" endtime="20221209 08:05:10.507"/>
</test>
<test id="s1-t4" name="Email no formato incorreto" line="36">
<kw name="Go To Login Page" library="login">
<kw name="New Browser" library="Browser">
<arg>headless=true</arg>
<arg>browser=Chromium</arg>
<tag>BrowserControl</tag>
<tag>Setter</tag>
<doc>Create a new playwright Browser with specified options.</doc>
<msg timestamp="20221209 08:05:10.528" level="INFO">{"browser": "chromium", "headless": true, "devtools": false, "handleSIGHUP": true, "handleSIGINT": true, "handleSIGTERM": true, "slowMo": 0.0, "timeout": 30000.0, "deprecated_pos_args": [], "tracesDir": "/home/lucas/studies/robot-framework-class/SmartBit/web/logs/browser/traces/f0eb74aa-80a2-4fdd-9523-8375f4e15d17"}</msg>
<msg timestamp="20221209 08:05:10.678" level="INFO">Successfully created browser with options: {"browser":"chromium","headless":true,"devtools":false,"handleSIGHUP":true,"handleSIGINT":true,"handleSIGTERM":true,"slowMo":0,"timeout":30000,"deprecated_pos_args":[],"tracesDir":"/home/lucas/studies/robot-framework-class/SmartBit/web/logs/browser/traces/f0eb74aa-80a2-4fdd-9523-8375f4e15d17"}</msg>
<status status="PASS" starttime="20221209 08:05:10.527" endtime="20221209 08:05:10.679"/>
</kw>
<kw name="New Page" library="Browser">
<arg>http://localhost:3000</arg>
<tag>BrowserControl</tag>
<tag>Setter</tag>
<doc>Open a new Page.</doc>
<msg timestamp="20221209 08:05:10.956" level="INFO">Successfully initialized new page object and opened url: http://localhost:3000</msg>
<msg timestamp="20221209 08:05:10.956" level="INFO">No context was open. New context was automatically opened when this page is created.</msg>
<status status="PASS" starttime="20221209 08:05:10.679" endtime="20221209 08:05:10.956"/>
</kw>
<status status="PASS" starttime="20221209 08:05:10.527" endtime="20221209 08:05:10.957"/>
</kw>
<kw name="Fill Credenciais" library="login">
<arg>@com.br</arg>
<arg>abc123</arg>
<kw name="Fill Text" library="Browser">
<arg>css=input[placeholder="Seu e-mail"]</arg>
<arg>${email}</arg>
<tag>PageContent</tag>
<tag>Setter</tag>
<doc>Clears and fills the given ``txt`` into the text field found by ``selector``.</doc>
<msg timestamp="20221209 08:05:10.960" level="INFO">Fills the text '@com.br' in the given field.</msg>
<status status="PASS" starttime="20221209 08:05:10.959" endtime="20221209 08:05:11.032"/>
</kw>
<kw name="Fill Text" library="Browser">
<arg>css=input[placeholder="Sua Senha"]</arg>
<arg>${pass}</arg>
<tag>PageContent</tag>
<tag>Setter</tag>
<doc>Clears and fills the given ``txt`` into the text field found by ``selector``.</doc>
<msg timestamp="20221209 08:05:11.033" level="INFO">Fills the text 'abc123' in the given field.</msg>
<status status="PASS" starttime="20221209 08:05:11.032" endtime="20221209 08:05:11.042"/>
</kw>
<status status="PASS" starttime="20221209 08:05:10.958" endtime="20221209 08:05:11.042"/>
</kw>
<kw name="Submit Credenciais" library="login">
<kw name="Click" library="Browser">
<arg>css=button &gt;&gt; text=Entrar no sistema</arg>
<tag>PageContent</tag>
<tag>Setter</tag>
<doc>Simulates mouse click on the element found by ``selector``.</doc>
<status status="PASS" starttime="20221209 08:05:11.043" endtime="20221209 08:05:11.083"/>
</kw>
<status status="PASS" starttime="20221209 08:05:11.043" endtime="20221209 08:05:11.084"/>
</kw>
<kw name="Field Type Should Be Email" library="login">
<kw name="Get Attribute" library="Browser">
<arg>css=input[placeholder="Seu e-mail"]</arg>
<arg>Type</arg>
<arg>equal</arg>
<arg>email</arg>
<tag>Assertion</tag>
<tag>Getter</tag>
<tag>PageContent</tag>
<doc>Returns the HTML ``attribute`` of the element found by ``selector``.</doc>
<status status="PASS" starttime="20221209 08:05:11.084" endtime="20221209 08:05:11.101"/>
</kw>
<status status="PASS" starttime="20221209 08:05:11.084" endtime="20221209 08:05:11.101"/>
</kw>
<status status="PASS" starttime="20221209 08:05:10.525" endtime="20221209 08:05:11.102"/>
</test>
<test id="s1-t5" name="Senha em branco" line="42">
<kw name="Go To Login Page" library="login">
<kw name="New Browser" library="Browser">
<arg>headless=true</arg>
<arg>browser=Chromium</arg>
<tag>BrowserControl</tag>
<tag>Setter</tag>
<doc>Create a new playwright Browser with specified options.</doc>
<msg timestamp="20221209 08:05:11.124" level="INFO">{"browser": "chromium", "headless": true, "devtools": false, "handleSIGHUP": true, "handleSIGINT": true, "handleSIGTERM": true, "slowMo": 0.0, "timeout": 30000.0, "deprecated_pos_args": [], "tracesDir": "/home/lucas/studies/robot-framework-class/SmartBit/web/logs/browser/traces/70cfee8c-a90c-4aea-84de-a3b47957f8d9"}</msg>
<msg timestamp="20221209 08:05:11.266" level="INFO">Successfully created browser with options: {"browser":"chromium","headless":true,"devtools":false,"handleSIGHUP":true,"handleSIGINT":true,"handleSIGTERM":true,"slowMo":0,"timeout":30000,"deprecated_pos_args":[],"tracesDir":"/home/lucas/studies/robot-framework-class/SmartBit/web/logs/browser/traces/70cfee8c-a90c-4aea-84de-a3b47957f8d9"}</msg>
<status status="PASS" starttime="20221209 08:05:11.123" endtime="20221209 08:05:11.267"/>
</kw>
<kw name="New Page" library="Browser">
<arg>http://localhost:3000</arg>
<tag>BrowserControl</tag>
<tag>Setter</tag>
<doc>Open a new Page.</doc>
<msg timestamp="20221209 08:05:11.561" level="INFO">Successfully initialized new page object and opened url: http://localhost:3000</msg>
<msg timestamp="20221209 08:05:11.561" level="INFO">No context was open. New context was automatically opened when this page is created.</msg>
<status status="PASS" starttime="20221209 08:05:11.267" endtime="20221209 08:05:11.562"/>
</kw>
<status status="PASS" starttime="20221209 08:05:11.123" endtime="20221209 08:05:11.562"/>
</kw>
<kw name="Fill Credenciais" library="login">
<arg>admin@smartbit.com</arg>
<arg>${EMPTY}</arg>
<kw name="Fill Text" library="Browser">
<arg>css=input[placeholder="Seu e-mail"]</arg>
<arg>${email}</arg>
<tag>PageContent</tag>
<tag>Setter</tag>
<doc>Clears and fills the given ``txt`` into the text field found by ``selector``.</doc>
<msg timestamp="20221209 08:05:11.564" level="INFO">Fills the text 'admin@smartbit.com' in the given field.</msg>
<status status="PASS" starttime="20221209 08:05:11.564" endtime="20221209 08:05:11.599"/>
</kw>
<kw name="Fill Text" library="Browser">
<arg>css=input[placeholder="Sua Senha"]</arg>
<arg>${pass}</arg>
<tag>PageContent</tag>
<tag>Setter</tag>
<doc>Clears and fills the given ``txt`` into the text field found by ``selector``.</doc>
<msg timestamp="20221209 08:05:11.600" level="INFO">Fills the text '' in the given field.</msg>
<status status="PASS" starttime="20221209 08:05:11.599" endtime="20221209 08:05:11.609"/>
</kw>
<status status="PASS" starttime="20221209 08:05:11.562" endtime="20221209 08:05:11.610"/>
</kw>
<kw name="Submit Credenciais" library="login">
<kw name="Click" library="Browser">
<arg>css=button &gt;&gt; text=Entrar no sistema</arg>
<tag>PageContent</tag>
<tag>Setter</tag>
<doc>Simulates mouse click on the element found by ``selector``.</doc>
<status status="PASS" starttime="20221209 08:05:11.610" endtime="20221209 08:05:11.689"/>
</kw>
<status status="PASS" starttime="20221209 08:05:11.610" endtime="20221209 08:05:11.689"/>
</kw>
<kw name="Alert Text Should Be" library="login">
<arg>password</arg>
<arg>A senha é obrigatória</arg>
<kw name="Get Text" library="Browser">
<arg>xpath=//input[@type="${field}"]/..//span</arg>
<arg>equal</arg>
<arg>${expected_text}</arg>
<tag>Assertion</tag>
<tag>Getter</tag>
<tag>PageContent</tag>
<doc>Returns text attribute of the element found by ``selector``.</doc>
<status status="PASS" starttime="20221209 08:05:11.690" endtime="20221209 08:05:11.708"/>
</kw>
<status status="PASS" starttime="20221209 08:05:11.689" endtime="20221209 08:05:11.708"/>
</kw>
<status status="PASS" starttime="20221209 08:05:11.121" endtime="20221209 08:05:11.709"/>
</test>
<test id="s1-t6" name="Email em branco" line="48">
<kw name="Go To Login Page" library="login">
<kw name="New Browser" library="Browser">
<arg>headless=true</arg>
<arg>browser=Chromium</arg>
<tag>BrowserControl</tag>
<tag>Setter</tag>
<doc>Create a new playwright Browser with specified options.</doc>
<msg timestamp="20221209 08:05:11.730" level="INFO">{"browser": "chromium", "headless": true, "devtools": false, "handleSIGHUP": true, "handleSIGINT": true, "handleSIGTERM": true, "slowMo": 0.0, "timeout": 30000.0, "deprecated_pos_args": [], "tracesDir": "/home/lucas/studies/robot-framework-class/SmartBit/web/logs/browser/traces/72d05f7c-216d-4207-b458-aa27cd296cae"}</msg>
<msg timestamp="20221209 08:05:11.898" level="INFO">Successfully created browser with options: {"browser":"chromium","headless":true,"devtools":false,"handleSIGHUP":true,"handleSIGINT":true,"handleSIGTERM":true,"slowMo":0,"timeout":30000,"deprecated_pos_args":[],"tracesDir":"/home/lucas/studies/robot-framework-class/SmartBit/web/logs/browser/traces/72d05f7c-216d-4207-b458-aa27cd296cae"}</msg>
<status status="PASS" starttime="20221209 08:05:11.730" endtime="20221209 08:05:11.899"/>
</kw>
<kw name="New Page" library="Browser">
<arg>http://localhost:3000</arg>
<tag>BrowserControl</tag>
<tag>Setter</tag>
<doc>Open a new Page.</doc>
<msg timestamp="20221209 08:05:12.183" level="INFO">Successfully initialized new page object and opened url: http://localhost:3000</msg>
<msg timestamp="20221209 08:05:12.184" level="INFO">No context was open. New context was automatically opened when this page is created.</msg>
<status status="PASS" starttime="20221209 08:05:11.899" endtime="20221209 08:05:12.184"/>
</kw>
<status status="PASS" starttime="20221209 08:05:11.729" endtime="20221209 08:05:12.185"/>
</kw>
<kw name="Fill Credenciais" library="login">
<arg>${EMPTY}</arg>
<arg>qacademy</arg>
<kw name="Fill Text" library="Browser">
<arg>css=input[placeholder="Seu e-mail"]</arg>
<arg>${email}</arg>
<tag>PageContent</tag>
<tag>Setter</tag>
<doc>Clears and fills the given ``txt`` into the text field found by ``selector``.</doc>
<msg timestamp="20221209 08:05:12.190" level="INFO">Fills the text '' in the given field.</msg>
<status status="PASS" starttime="20221209 08:05:12.189" endtime="20221209 08:05:12.264"/>
</kw>
<kw name="Fill Text" library="Browser">
<arg>css=input[placeholder="Sua Senha"]</arg>
<arg>${pass}</arg>
<tag>PageContent</tag>
<tag>Setter</tag>
<doc>Clears and fills the given ``txt`` into the text field found by ``selector``.</doc>
<msg timestamp="20221209 08:05:12.265" level="INFO">Fills the text 'qacademy' in the given field.</msg>
<status status="PASS" starttime="20221209 08:05:12.264" endtime="20221209 08:05:12.274"/>
</kw>
<status status="PASS" starttime="20221209 08:05:12.186" endtime="20221209 08:05:12.274"/>
</kw>
<kw name="Submit Credenciais" library="login">
<kw name="Click" library="Browser">
<arg>css=button &gt;&gt; text=Entrar no sistema</arg>
<tag>PageContent</tag>
<tag>Setter</tag>
<doc>Simulates mouse click on the element found by ``selector``.</doc>
<status status="PASS" starttime="20221209 08:05:12.275" endtime="20221209 08:05:12.317"/>
</kw>
<status status="PASS" starttime="20221209 08:05:12.275" endtime="20221209 08:05:12.317"/>
</kw>
<kw name="Alert Text Should Be" library="login">
<arg>email</arg>
<arg>O e-mail é obrigatório</arg>
<kw name="Get Text" library="Browser">
<arg>xpath=//input[@type="${field}"]/..//span</arg>
<arg>equal</arg>
<arg>${expected_text}</arg>
<tag>Assertion</tag>
<tag>Getter</tag>
<tag>PageContent</tag>
<doc>Returns text attribute of the element found by ``selector``.</doc>
<status status="PASS" starttime="20221209 08:05:12.318" endtime="20221209 08:05:12.334"/>
</kw>
<status status="PASS" starttime="20221209 08:05:12.317" endtime="20221209 08:05:12.335"/>
</kw>
<status status="PASS" starttime="20221209 08:05:11.726" endtime="20221209 08:05:12.335"/>
</test>
<test id="s1-t7" name="Email e senha são obrigatórios" line="54">
<kw name="Go To Login Page" library="login">
<kw name="New Browser" library="Browser">
<arg>headless=true</arg>
<arg>browser=Chromium</arg>
<tag>BrowserControl</tag>
<tag>Setter</tag>
<doc>Create a new playwright Browser with specified options.</doc>
<msg timestamp="20221209 08:05:12.355" level="INFO">{"browser": "chromium", "headless": true, "devtools": false, "handleSIGHUP": true, "handleSIGINT": true, "handleSIGTERM": true, "slowMo": 0.0, "timeout": 30000.0, "deprecated_pos_args": [], "tracesDir": "/home/lucas/studies/robot-framework-class/SmartBit/web/logs/browser/traces/414af999-5914-437d-a88f-ada1cb5038c1"}</msg>
<msg timestamp="20221209 08:05:12.519" level="INFO">Successfully created browser with options: {"browser":"chromium","headless":true,"devtools":false,"handleSIGHUP":true,"handleSIGINT":true,"handleSIGTERM":true,"slowMo":0,"timeout":30000,"deprecated_pos_args":[],"tracesDir":"/home/lucas/studies/robot-framework-class/SmartBit/web/logs/browser/traces/414af999-5914-437d-a88f-ada1cb5038c1"}</msg>
<status status="PASS" starttime="20221209 08:05:12.354" endtime="20221209 08:05:12.519"/>
</kw>
<kw name="New Page" library="Browser">
<arg>http://localhost:3000</arg>
<tag>BrowserControl</tag>
<tag>Setter</tag>
<doc>Open a new Page.</doc>
<msg timestamp="20221209 08:05:12.809" level="INFO">Successfully initialized new page object and opened url: http://localhost:3000</msg>
<msg timestamp="20221209 08:05:12.809" level="INFO">No context was open. New context was automatically opened when this page is created.</msg>
<status status="PASS" starttime="20221209 08:05:12.519" endtime="20221209 08:05:12.809"/>
</kw>
<status status="PASS" starttime="20221209 08:05:12.354" endtime="20221209 08:05:12.810"/>
</kw>
<kw name="Submit Credenciais" library="login">
<kw name="Click" library="Browser">
<arg>css=button &gt;&gt; text=Entrar no sistema</arg>
<tag>PageContent</tag>
<tag>Setter</tag>
<doc>Simulates mouse click on the element found by ``selector``.</doc>
<status status="PASS" starttime="20221209 08:05:12.812" endtime="20221209 08:05:12.919"/>
</kw>
<status status="PASS" starttime="20221209 08:05:12.811" endtime="20221209 08:05:12.919"/>
</kw>
<kw name="Alert Text Should Be" library="login">
<arg>email</arg>
<arg>O e-mail é obrigatório</arg>
<kw name="Get Text" library="Browser">
<arg>xpath=//input[@type="${field}"]/..//span</arg>
<arg>equal</arg>
<arg>${expected_text}</arg>
<tag>Assertion</tag>
<tag>Getter</tag>
<tag>PageContent</tag>
<doc>Returns text attribute of the element found by ``selector``.</doc>
<status status="PASS" starttime="20221209 08:05:12.920" endtime="20221209 08:05:12.936"/>
</kw>
<status status="PASS" starttime="20221209 08:05:12.920" endtime="20221209 08:05:12.936"/>
</kw>
<kw name="Alert Text Should Be" library="login">
<arg>password</arg>
<arg>A senha é obrigatória</arg>
<kw name="Get Text" library="Browser">
<arg>xpath=//input[@type="${field}"]/..//span</arg>
<arg>equal</arg>
<arg>${expected_text}</arg>
<tag>Assertion</tag>
<tag>Getter</tag>
<tag>PageContent</tag>
<doc>Returns text attribute of the element found by ``selector``.</doc>
<status status="PASS" starttime="20221209 08:05:12.936" endtime="20221209 08:05:12.948"/>
</kw>
<status status="PASS" starttime="20221209 08:05:12.936" endtime="20221209 08:05:12.948"/>
</kw>
<status status="PASS" starttime="20221209 08:05:12.352" endtime="20221209 08:05:12.948"/>
</test>
<doc>Suite de testes de autenticação
Administrador deve acessar o portal de gestão de academias</doc>
<status status="PASS" starttime="20221209 08:04:54.142" endtime="20221209 08:05:12.977"/>
</suite>
<statistics>
<total>
<stat pass="7" fail="0" skip="0">All Tests</stat>
</total>
<tag>
</tag>
<suite>
<stat pass="7" fail="0" skip="0" id="s1" name="Login">Login</stat>
</suite>
</statistics>
<errors>
</errors>
</robot>
