<?xml version="1.0" encoding="UTF-8"?>
<robot generator="Robot 6.0.1 (Python 3.8.10 on linux)" generated="20221208 18:56:26.447" rpa="false" schemaversion="3">
<suite id="s1" name="Login" source="/home/lucas/studies/robot-framework-class/SmartBit/web/tests/login.robot">
<test id="s1-t1" name="Login do administrador" line="9">
<kw name="Go To Login Page" library="keywords">
<kw name="New Browser" library="Browser">
<arg>headless=false</arg>
<arg>browser=Chromium</arg>
<tag>BrowserControl</tag>
<tag>Setter</tag>
<doc>Create a new playwright Browser with specified options.</doc>
<msg timestamp="20221208 18:56:26.899" level="INFO">{"browser": "chromium", "headless": false, "devtools": false, "handleSIGHUP": true, "handleSIGINT": true, "handleSIGTERM": true, "slowMo": 0.0, "timeout": 30000.0, "deprecated_pos_args": [], "tracesDir": "/home/lucas/studies/robot-framework-class/SmartBit/web/logs/browser/traces/61159bb2-c969-46ce-b8eb-82cf386c7359"}</msg>
<msg timestamp="20221208 18:56:27.153" level="INFO">Successfully created browser with options: {"browser":"chromium","headless":false,"devtools":false,"handleSIGHUP":true,"handleSIGINT":true,"handleSIGTERM":true,"slowMo":0,"timeout":30000,"deprecated_pos_args":[],"tracesDir":"/home/lucas/studies/robot-framework-class/SmartBit/web/logs/browser/traces/61159bb2-c969-46ce-b8eb-82cf386c7359"}</msg>
<status status="PASS" starttime="20221208 18:56:26.898" endtime="20221208 18:56:27.153"/>
</kw>
<kw name="New Page" library="Browser">
<arg>http://localhost:3000</arg>
<tag>BrowserControl</tag>
<tag>Setter</tag>
<doc>Open a new Page.</doc>
<msg timestamp="20221208 18:56:27.785" level="INFO">Successfully initialized new page object and opened url: http://localhost:3000</msg>
<msg timestamp="20221208 18:56:27.785" level="INFO">No context was open. New context was automatically opened when this page is created.</msg>
<status status="PASS" starttime="20221208 18:56:27.153" endtime="20221208 18:56:27.786"/>
</kw>
<status status="PASS" starttime="20221208 18:56:26.898" endtime="20221208 18:56:27.786"/>
</kw>
<kw name="Fill Credenciais" library="keywords">
<arg>admin@smartbit.com</arg>
<arg>qacademy</arg>
<kw name="Fill Text" library="Browser">
<arg>css=input[placeholder="Seu e-mail"]</arg>
<arg>${email}</arg>
<tag>PageContent</tag>
<tag>Setter</tag>
<doc>Clears and fills the given ``txt`` into the text field found by ``selector``.</doc>
<msg timestamp="20221208 18:56:27.790" level="INFO">Fills the text 'admin@smartbit.com' in the given field.</msg>
<status status="PASS" starttime="20221208 18:56:27.789" endtime="20221208 18:56:27.916"/>
</kw>
<kw name="Fill Text" library="Browser">
<arg>css=input[placeholder="Sua Senha"]</arg>
<arg>${pass}</arg>
<tag>PageContent</tag>
<tag>Setter</tag>
<doc>Clears and fills the given ``txt`` into the text field found by ``selector``.</doc>
<msg timestamp="20221208 18:56:27.918" level="INFO">Fills the text 'qacademy' in the given field.</msg>
<status status="PASS" starttime="20221208 18:56:27.917" endtime="20221208 18:56:27.965"/>
</kw>
<status status="PASS" starttime="20221208 18:56:27.787" endtime="20221208 18:56:27.965"/>
</kw>
<kw name="Submit Credenciais" library="keywords">
<kw name="Click" library="Browser">
<arg>css=button &gt;&gt; text=Entrar no sistema</arg>
<tag>PageContent</tag>
<tag>Setter</tag>
<doc>Simulates mouse click on the element found by ``selector``.</doc>
<status status="PASS" starttime="20221208 18:56:27.967" endtime="20221208 18:56:28.101"/>
</kw>
<status status="PASS" starttime="20221208 18:56:27.966" endtime="20221208 18:56:28.102"/>
</kw>
<kw name="User Should Be Logged In" library="keywords">
<kw name="Set Variable" library="BuiltIn">
<var>${logged_user}</var>
<arg>css=aside strong</arg>
<doc>Returns the given values which can then be assigned to a variables.</doc>
<msg timestamp="20221208 18:56:28.104" level="INFO">${logged_user} = css=aside strong</msg>
<status status="PASS" starttime="20221208 18:56:28.103" endtime="20221208 18:56:28.104"/>
</kw>
<kw name="Wait For Elements State" library="Browser">
<arg>${logged_user}</arg>
<arg>visible</arg>
<arg>5</arg>
<tag>PageContent</tag>
<tag>Wait</tag>
<doc>Waits for the element found by ``selector`` to satisfy state option.</doc>
<msg timestamp="20221208 18:56:28.371" level="INFO">Waited for Element with selector css=aside strong at state visible</msg>
<status status="PASS" starttime="20221208 18:56:28.104" endtime="20221208 18:56:28.371"/>
</kw>
<kw name="Get Text" library="Browser">
<arg>${logged_user}</arg>
<arg>equal</arg>
<arg>Admin</arg>
<tag>Assertion</tag>
<tag>Getter</tag>
<tag>PageContent</tag>
<doc>Returns text attribute of the element found by ``selector``.</doc>
<status status="PASS" starttime="20221208 18:56:28.371" endtime="20221208 18:56:28.394"/>
</kw>
<status status="PASS" starttime="20221208 18:56:28.102" endtime="20221208 18:56:28.394"/>
</kw>
<status status="PASS" starttime="20221208 18:56:26.895" endtime="20221208 18:56:28.394"/>
</test>
<test id="s1-t2" name="Email não cadastrado" line="23">
<kw name="Go To Login Page" library="keywords">
<kw name="New Browser" library="Browser">
<arg>headless=false</arg>
<arg>browser=Chromium</arg>
<tag>BrowserControl</tag>
<tag>Setter</tag>
<doc>Create a new playwright Browser with specified options.</doc>
<msg timestamp="20221208 18:56:28.456" level="INFO">{"browser": "chromium", "headless": false, "devtools": false, "handleSIGHUP": true, "handleSIGINT": true, "handleSIGTERM": true, "slowMo": 0.0, "timeout": 30000.0, "deprecated_pos_args": [], "tracesDir": "/home/lucas/studies/robot-framework-class/SmartBit/web/logs/browser/traces/e7833b88-b2de-4a2a-b439-2abff0ab69ae"}</msg>
<msg timestamp="20221208 18:56:28.898" level="INFO">Successfully created browser with options: {"browser":"chromium","headless":false,"devtools":false,"handleSIGHUP":true,"handleSIGINT":true,"handleSIGTERM":true,"slowMo":0,"timeout":30000,"deprecated_pos_args":[],"tracesDir":"/home/lucas/studies/robot-framework-class/SmartBit/web/logs/browser/traces/e7833b88-b2de-4a2a-b439-2abff0ab69ae"}</msg>
<status status="PASS" starttime="20221208 18:56:28.455" endtime="20221208 18:56:28.898"/>
</kw>
<kw name="New Page" library="Browser">
<arg>http://localhost:3000</arg>
<tag>BrowserControl</tag>
<tag>Setter</tag>
<doc>Open a new Page.</doc>
<msg timestamp="20221208 18:56:29.435" level="INFO">Successfully initialized new page object and opened url: http://localhost:3000</msg>
<msg timestamp="20221208 18:56:29.435" level="INFO">No context was open. New context was automatically opened when this page is created.</msg>
<status status="PASS" starttime="20221208 18:56:28.898" endtime="20221208 18:56:29.436"/>
</kw>
<status status="PASS" starttime="20221208 18:56:28.454" endtime="20221208 18:56:29.437"/>
</kw>
<kw name="Fill Credenciais" library="keywords">
<arg>404@smartbit.com</arg>
<arg>qacademy</arg>
<kw name="Fill Text" library="Browser">
<arg>css=input[placeholder="Seu e-mail"]</arg>
<arg>${email}</arg>
<tag>PageContent</tag>
<tag>Setter</tag>
<doc>Clears and fills the given ``txt`` into the text field found by ``selector``.</doc>
<msg timestamp="20221208 18:56:29.442" level="INFO">Fills the text '404@smartbit.com' in the given field.</msg>
<status status="PASS" starttime="20221208 18:56:29.440" endtime="20221208 18:56:29.587"/>
</kw>
<kw name="Fill Text" library="Browser">
<arg>css=input[placeholder="Sua Senha"]</arg>
<arg>${pass}</arg>
<tag>PageContent</tag>
<tag>Setter</tag>
<doc>Clears and fills the given ``txt`` into the text field found by ``selector``.</doc>
<msg timestamp="20221208 18:56:29.589" level="INFO">Fills the text 'qacademy' in the given field.</msg>
<status status="PASS" starttime="20221208 18:56:29.587" endtime="20221208 18:56:29.656"/>
</kw>
<status status="PASS" starttime="20221208 18:56:29.438" endtime="20221208 18:56:29.657"/>
</kw>
<kw name="Submit Credenciais" library="keywords">
<kw name="Click" library="Browser">
<arg>css=button &gt;&gt; text=Entrar no sistema</arg>
<tag>PageContent</tag>
<tag>Setter</tag>
<doc>Simulates mouse click on the element found by ``selector``.</doc>
<status status="PASS" starttime="20221208 18:56:29.660" endtime="20221208 18:56:29.798"/>
</kw>
<status status="PASS" starttime="20221208 18:56:29.658" endtime="20221208 18:56:29.798"/>
</kw>
<kw name="Click" library="Browser">
<arg>css=button &gt;&gt; text=Entrar no sistema</arg>
<tag>PageContent</tag>
<tag>Setter</tag>
<doc>Simulates mouse click on the element found by ``selector``.</doc>
<status status="PASS" starttime="20221208 18:56:29.799" endtime="20221208 18:56:29.873"/>
</kw>
<kw name="Verify Toaster" library="keywords">
<kw name="Wait For Elements State" library="Browser">
<arg>css=.Toastify__toast-body div &gt;&gt; text=Suas credenciais são inválidas, por favor tente novamente!</arg>
<arg>visible</arg>
<arg>5</arg>
<tag>PageContent</tag>
<tag>Wait</tag>
<doc>Waits for the element found by ``selector`` to satisfy state option.</doc>
<msg timestamp="20221208 18:56:29.881" level="INFO">Waited for Element with selector css=.Toastify__toast-body div &gt;&gt; text=Suas credenciais são inválidas, por favor tente novamente! at state visible</msg>
<status status="PASS" starttime="20221208 18:56:29.874" endtime="20221208 18:56:29.882"/>
</kw>
<status status="PASS" starttime="20221208 18:56:29.874" endtime="20221208 18:56:29.882"/>
</kw>
<status status="PASS" starttime="20221208 18:56:28.452" endtime="20221208 18:56:29.882"/>
</test>
<test id="s1-t3" name="Senha inválida" line="30">
<kw name="Go To Login Page" library="keywords">
<kw name="New Browser" library="Browser">
<arg>headless=false</arg>
<arg>browser=Chromium</arg>
<tag>BrowserControl</tag>
<tag>Setter</tag>
<doc>Create a new playwright Browser with specified options.</doc>
<msg timestamp="20221208 18:56:29.929" level="INFO">{"browser": "chromium", "headless": false, "devtools": false, "handleSIGHUP": true, "handleSIGINT": true, "handleSIGTERM": true, "slowMo": 0.0, "timeout": 30000.0, "deprecated_pos_args": [], "tracesDir": "/home/lucas/studies/robot-framework-class/SmartBit/web/logs/browser/traces/bfd88acf-6e90-4d5e-b599-2d90c64eae5f"}</msg>
<msg timestamp="20221208 18:56:30.222" level="INFO">Successfully created browser with options: {"browser":"chromium","headless":false,"devtools":false,"handleSIGHUP":true,"handleSIGINT":true,"handleSIGTERM":true,"slowMo":0,"timeout":30000,"deprecated_pos_args":[],"tracesDir":"/home/lucas/studies/robot-framework-class/SmartBit/web/logs/browser/traces/bfd88acf-6e90-4d5e-b599-2d90c64eae5f"}</msg>
<status status="PASS" starttime="20221208 18:56:29.928" endtime="20221208 18:56:30.222"/>
</kw>
<kw name="New Page" library="Browser">
<arg>http://localhost:3000</arg>
<tag>BrowserControl</tag>
<tag>Setter</tag>
<doc>Open a new Page.</doc>
<msg timestamp="20221208 18:56:30.756" level="INFO">Successfully initialized new page object and opened url: http://localhost:3000</msg>
<msg timestamp="20221208 18:56:30.756" level="INFO">No context was open. New context was automatically opened when this page is created.</msg>
<status status="PASS" starttime="20221208 18:56:30.222" endtime="20221208 18:56:30.757"/>
</kw>
<status status="PASS" starttime="20221208 18:56:29.927" endtime="20221208 18:56:30.757"/>
</kw>
<kw name="Fill Credenciais" library="keywords">
<arg>admin@smartbit.com</arg>
<arg>abc123</arg>
<kw name="Fill Text" library="Browser">
<arg>css=input[placeholder="Seu e-mail"]</arg>
<arg>${email}</arg>
<tag>PageContent</tag>
<tag>Setter</tag>
<doc>Clears and fills the given ``txt`` into the text field found by ``selector``.</doc>
<msg timestamp="20221208 18:56:30.760" level="INFO">Fills the text 'admin@smartbit.com' in the given field.</msg>
<status status="PASS" starttime="20221208 18:56:30.759" endtime="20221208 18:56:30.824"/>
</kw>
<kw name="Fill Text" library="Browser">
<arg>css=input[placeholder="Sua Senha"]</arg>
<arg>${pass}</arg>
<tag>PageContent</tag>
<tag>Setter</tag>
<doc>Clears and fills the given ``txt`` into the text field found by ``selector``.</doc>
<msg timestamp="20221208 18:56:30.825" level="INFO">Fills the text 'abc123' in the given field.</msg>
<status status="PASS" starttime="20221208 18:56:30.824" endtime="20221208 18:56:30.837"/>
</kw>
<status status="PASS" starttime="20221208 18:56:30.758" endtime="20221208 18:56:30.837"/>
</kw>
<kw name="Submit Credenciais" library="keywords">
<kw name="Click" library="Browser">
<arg>css=button &gt;&gt; text=Entrar no sistema</arg>
<tag>PageContent</tag>
<tag>Setter</tag>
<doc>Simulates mouse click on the element found by ``selector``.</doc>
<status status="PASS" starttime="20221208 18:56:30.837" endtime="20221208 18:56:30.900"/>
</kw>
<status status="PASS" starttime="20221208 18:56:30.837" endtime="20221208 18:56:30.901"/>
</kw>
<kw name="Verify Toaster" library="keywords">
<kw name="Wait For Elements State" library="Browser">
<arg>css=.Toastify__toast-body div &gt;&gt; text=Suas credenciais são inválidas, por favor tente novamente!</arg>
<arg>visible</arg>
<arg>5</arg>
<tag>PageContent</tag>
<tag>Wait</tag>
<doc>Waits for the element found by ``selector`` to satisfy state option.</doc>
<msg timestamp="20221208 18:56:30.963" level="INFO">Waited for Element with selector css=.Toastify__toast-body div &gt;&gt; text=Suas credenciais são inválidas, por favor tente novamente! at state visible</msg>
<status status="PASS" starttime="20221208 18:56:30.902" endtime="20221208 18:56:30.963"/>
</kw>
<status status="PASS" starttime="20221208 18:56:30.901" endtime="20221208 18:56:30.964"/>
</kw>
<status status="PASS" starttime="20221208 18:56:29.924" endtime="20221208 18:56:30.964"/>
</test>
<doc>Suite de testes de autenticação
Administrador deve acessar o portal de gestão de academias</doc>
<status status="PASS" starttime="20221208 18:56:26.448" endtime="20221208 18:56:31.013"/>
</suite>
<statistics>
<total>
<stat pass="3" fail="0" skip="0">All Tests</stat>
</total>
<tag>
</tag>
<suite>
<stat pass="3" fail="0" skip="0" id="s1" name="Login">Login</stat>
</suite>
</statistics>
<errors>
</errors>
</robot>
